#-----------------------------------------------------------
# Vivado v2019.1 (64-bit)
# SW Build 2552052 on Fri May 24 14:49:42 MDT 2019
# IP Build 2548770 on Fri May 24 18:01:18 MDT 2019
# Start of session at: Tue Oct  5 16:46:49 2021
# Process ID: 520
# Current directory: C:/Users/Minji/vivado/DD01_2020112099
# Command line: vivado.exe -gui_launcher_event rodinguilauncherevent1692 C:\Users\Minji\vivado\DD01_2020112099\DD01_2020112099.xpr
# Log file: C:/Users/Minji/vivado/DD01_2020112099/vivado.log
# Journal file: C:/Users/Minji/vivado/DD01_2020112099\vivado.jou
#-----------------------------------------------------------
start_gui
open_project C:/Users/Minji/vivado/DD01_2020112099/DD01_2020112099.xpr
Scanning sources...
Finished scanning sources
INFO: [IP_Flow 19-234] Refreshing IP repositories
INFO: [IP_Flow 19-1704] No user IP repositories specified
INFO: [IP_Flow 19-2313] Loaded Vivado IP repository 'C:/Xilinx/Vivado/2019.1/data/ip'.
open_project: Time (s): cpu = 00:01:04 ; elapsed = 00:00:27 . Memory (MB): peak = 878.809 ; gain = 10.594
update_compile_order -fileset sources_1
add_files -norecurse C:/Users/Minji/vivado/DD03_2019112635.v
update_compile_order -fileset sources_1
exit
INFO: [Common 17-206] Exiting Vivado at Tue Oct  5 16:55:42 2021...
